Type login if you want to login, exit if you want to exit.
Enter Username: 
============================
Hello standard!
============================
Enter sell to Sell!
Enter buy to Buy!
Enter addCredit to Add Credit!
Enter logout to Logout!
Enter exit to exit the system!
Please enter the event name.
Sell transaction cancelled.
There was an error when trying to sell.
============================
Hello standard!
============================
Enter sell to Sell!
Enter buy to Buy!
Enter addCredit to Add Credit!
Enter logout to Logout!
Enter exit to exit the system!
You have logged out
Exiting the system now
