Type login if you want to login, exit if you want to exit.
<<<<<<< HEAD
Enter Username: 
============================
Hello admin!
============================
Enter create to Create!
Enter delete to Delete!
Enter sell to Sell!
Enter buy to Buy!
Enter refund to Refund!
Enter addCredit to Add Credit!
Enter logout to Logout!
Enter exit to exit the system!
============================
Hello admin!
============================
Enter create to Create!
Enter delete to Delete!
Enter sell to Sell!
Enter buy to Buy!
Enter refund to Refund!
Enter addCredit to Add Credit!
Enter logout to Logout!
Enter exit to exit the system!
=======
<<<<<<< HEAD:Outputs/Output_22.out
Enter Username: 
user standardBuyUser does not exist in the database.
=======
>>>>>>> 7aff6007f9fcd0a635c7399d33e2247492e79825:Outputs/Output_4.out
Type login if you want to login, exit if you want to exit.
Type login if you want to login, exit if you want to exit.
Type login if you want to login, exit if you want to exit.
>>>>>>> 7aff6007f9fcd0a635c7399d33e2247492e79825
Exiting the system now
